2020-04-17 00:27:08,365 INFO: Microblog startup [in C:\Users\Daniel\Documents\GitHub\RavenScout\app\__init__.py:51]
2020-04-17 00:29:58,957 INFO: Microblog startup [in C:\Users\Daniel\Documents\GitHub\RavenScout\app\__init__.py:51]
2020-04-17 00:32:34,551 INFO: Microblog startup [in C:\Users\Daniel\Documents\GitHub\RavenScout\app\__init__.py:51]
2020-04-17 00:33:38,749 INFO: Microblog startup [in C:\Users\Daniel\Documents\GitHub\RavenScout\app\__init__.py:51]
2020-04-17 00:34:46,441 INFO: Microblog startup [in C:\Users\Daniel\Documents\GitHub\RavenScout\app\__init__.py:51]
2020-04-17 00:36:48,182 INFO: Microblog startup [in C:\Users\Daniel\Documents\GitHub\RavenScout\app\__init__.py:51]
2020-04-17 00:40:52,559 INFO: Microblog startup [in C:\Users\Daniel\Documents\GitHub\RavenScout\app\__init__.py:51]
2020-04-17 00:41:15,463 INFO: Microblog startup [in C:\Users\Daniel\Documents\GitHub\RavenScout\app\__init__.py:51]
2020-04-17 00:41:43,734 INFO: Microblog startup [in C:\Users\Daniel\Documents\GitHub\RavenScout\app\__init__.py:51]
2020-04-17 00:45:53,502 INFO: Microblog startup [in C:\Users\Daniel\Documents\GitHub\RavenScout\app\__init__.py:51]
2020-04-17 00:50:01,907 INFO: Microblog startup [in C:\Users\Daniel\Documents\GitHub\RavenScout\app\__init__.py:51]
2020-04-17 00:54:47,053 INFO: Microblog startup [in C:\Users\Daniel\Documents\GitHub\RavenScout\app\__init__.py:51]
2020-04-17 00:57:10,651 INFO: Microblog startup [in C:\Users\Daniel\Documents\GitHub\RavenScout\app\__init__.py:51]
2020-04-17 00:58:38,956 INFO: Microblog startup [in C:\Users\Daniel\Documents\GitHub\RavenScout\app\__init__.py:51]
2020-04-17 00:59:31,628 INFO: Microblog startup [in C:\Users\Daniel\Documents\GitHub\RavenScout\app\__init__.py:51]
2020-04-17 01:20:23,315 INFO: Microblog startup [in C:\Users\Daniel\Documents\GitHub\RavenScout\app\__init__.py:51]
2020-04-17 01:20:39,672 ERROR: Exception on /reset_password_request [POST] [in c:\users\daniel\appdata\local\programs\python\python38-32\lib\site-packages\flask\app.py:1890]
Traceback (most recent call last):
  File "c:\users\daniel\appdata\local\programs\python\python38-32\lib\site-packages\flask\app.py", line 2446, in wsgi_app
    response = self.full_dispatch_request()
  File "c:\users\daniel\appdata\local\programs\python\python38-32\lib\site-packages\flask\app.py", line 1951, in full_dispatch_request
    rv = self.handle_user_exception(e)
  File "c:\users\daniel\appdata\local\programs\python\python38-32\lib\site-packages\flask\app.py", line 1820, in handle_user_exception
    reraise(exc_type, exc_value, tb)
  File "c:\users\daniel\appdata\local\programs\python\python38-32\lib\site-packages\flask\_compat.py", line 39, in reraise
    raise value
  File "c:\users\daniel\appdata\local\programs\python\python38-32\lib\site-packages\flask\app.py", line 1949, in full_dispatch_request
    rv = self.dispatch_request()
  File "c:\users\daniel\appdata\local\programs\python\python38-32\lib\site-packages\flask\app.py", line 1935, in dispatch_request
    return self.view_functions[rule.endpoint](**req.view_args)
  File "C:\Users\Daniel\Documents\GitHub\RavenScout\app\routes.py", line 155, in reset_password_request
    send_password_reset_email(user)
  File "C:\Users\Daniel\Documents\GitHub\RavenScout\app\email.py", line 8, in send_password_reset_email
    token = user.get_reset_password_token()
  File "C:\Users\Daniel\Documents\GitHub\RavenScout\app\models.py", line 63, in get_reset_password_token
    return jwt.encode(
AttributeError: module 'jwt' has no attribute 'encode'
2020-04-17 01:24:33,173 INFO: Microblog startup [in C:\Users\Daniel\Documents\GitHub\RavenScout\app\__init__.py:51]
2020-04-17 01:27:59,472 INFO: Microblog startup [in C:\Users\Daniel\Documents\GitHub\RavenScout\app\__init__.py:51]
2020-04-17 01:35:17,853 INFO: Microblog startup [in C:\Users\Daniel\Documents\GitHub\RavenScout\app\__init__.py:51]
2020-04-17 02:19:06,998 INFO: Microblog startup [in C:\Users\Daniel\Documents\GitHub\RavenScout\app\__init__.py:51]
2020-04-17 02:21:50,527 INFO: Microblog startup [in C:\Users\Daniel\Documents\GitHub\RavenScout\app\__init__.py:51]
2020-04-17 02:24:15,934 INFO: Microblog startup [in C:\Users\Daniel\Documents\GitHub\RavenScout\app\__init__.py:51]
